
Apr 14, 2022 23:30:40.340 NEW SESSION
Apr 14, 2022 23:30:40.341 [9928:10132:0414/233040.337:ERROR:device_event_log_impl.cc(214)] [23:30:40.337] USB: usb_device_handle_win.cc:1049 Failed to read descriptor from node connection: A device attached to the system is not functioning. (0x1F)
Apr 14, 2022 23:30:40.341 [9928:10132:0414/233040.338:ERROR:device_event_log_impl.cc(214)] [23:30:40.338] USB: usb_device_handle_win.cc:1049 Failed to read descriptor from node connection: A device attached to the system is not functioning. (0x1F)
Apr 14, 2022 23:31:38.77 [9928:11340:0414/233138.077:ERROR:util.cc(126)] Can't create base directory: C:\Program Files\Google\GoogleUpdater

Apr 16, 2022 17:22:38.507 NEW SESSION
Apr 16, 2022 17:22:38.507 [7852:10724:0416/172238.492:ERROR:device_event_log_impl.cc(214)] [17:22:38.492] USB: usb_device_handle_win.cc:1049 Failed to read descriptor from node connection: A device attached to the system is not functioning. (0x1F)
Apr 16, 2022 17:22:38.508 [7852:10724:0416/172238.492:ERROR:device_event_log_impl.cc(214)] [17:22:38.492] USB: usb_device_handle_win.cc:1049 Failed to read descriptor from node connection: A device attached to the system is not functioning. (0x1F)
Apr 16, 2022 17:23:35.976 [7852:12240:0416/172335.976:ERROR:util.cc(126)] Can't create base directory: C:\Program Files\Google\GoogleUpdater
Apr 16, 2022 22:23:35.994 [7852:11784:0416/222335.993:ERROR:util.cc(126)] Can't create base directory: C:\Program Files\Google\GoogleUpdater
Apr 16, 2022 22:52:39.239 [7852:10724:0416/225239.239:ERROR:device_event_log_impl.cc(214)] [22:52:39.238] USB: usb_device_handle_win.cc:1049 Failed to read descriptor from node connection: A device which does not exist was specified. (0x1B1)

Apr 17, 2022 10:13:22.288 NEW SESSION
Apr 17, 2022 10:13:22.288 [6072:3200:0417/101322.264:ERROR:device_event_log_impl.cc(214)] [10:13:22.264] USB: usb_device_handle_win.cc:1049 Failed to read descriptor from node connection: A device attached to the system is not functioning. (0x1F)
Apr 17, 2022 10:13:22.316 [6072:3200:0417/101322.265:ERROR:device_event_log_impl.cc(214)] [10:13:22.264] USB: usb_device_handle_win.cc:1049 Failed to read descriptor from node connection: A device attached to the system is not functioning. (0x1F)
Apr 17, 2022 10:14:19.555 [6072:8420:0417/101419.555:ERROR:util.cc(126)] Can't create base directory: C:\Program Files\Google\GoogleUpdater

Apr 18, 2022 02:22:29.175 NEW SESSION
Apr 18, 2022 02:22:29.175 [2740:13828:0418/022229.172:ERROR:device_event_log_impl.cc(214)] [02:22:29.173] USB: usb_device_handle_win.cc:1049 Failed to read descriptor from node connection: A device attached to the system is not functioning. (0x1F)
Apr 18, 2022 02:22:29.223 [2740:13828:0418/022229.173:ERROR:device_event_log_impl.cc(214)] [02:22:29.173] USB: usb_device_handle_win.cc:1049 Failed to read descriptor from node connection: A device attached to the system is not functioning. (0x1F)
Apr 18, 2022 02:23:26.697 [2740:3484:0418/022326.697:ERROR:util.cc(126)] Can't create base directory: C:\Program Files\Google\GoogleUpdater

Apr 19, 2022 10:37:48.301 NEW SESSION
Apr 19, 2022 10:37:48.301 [11560:11996:0419/103748.248:ERROR:device_event_log_impl.cc(214)] [10:37:48.248] USB: usb_device_handle_win.cc:1049 Failed to read descriptor from node connection: A device attached to the system is not functioning. (0x1F)
Apr 19, 2022 10:37:48.310 [11560:11996:0419/103748.249:ERROR:device_event_log_impl.cc(214)] [10:37:48.249] USB: usb_device_handle_win.cc:1049 Failed to read descriptor from node connection: A device attached to the system is not functioning. (0x1F)
Apr 19, 2022 10:38:45.934 [11560:10280:0419/103845.934:ERROR:util.cc(126)] Can't create base directory: C:\Program Files\Google\GoogleUpdater
Apr 19, 2022 12:05:39.852 [11560:11996:0419/120539.852:ERROR:CONSOLE(1)] "Uncaught (in promise) RangeError: Invalid line number 172 in 1-line document", source: devtools://devtools/bundled/devtools-frontend/front_end/third_party/codemirror.next/chunk/codemirror.js (1)
Apr 19, 2022 15:17:48.335 [11560:11996:0419/151748.334:ERROR:device_event_log_impl.cc(214)] [15:17:48.334] USB: usb_service_win.cc:260 Failed to get device driver name: Element not found. (0x490)
Apr 19, 2022 15:17:48.623 [11560:6340:0419/151748.623:ERROR:connection_factory_impl.cc(425)] Failed to connect to MCS endpoint with error -105
Apr 19, 2022 15:38:45.845 [11560:1408:0419/153845.845:ERROR:util.cc(126)] Can't create base directory: C:\Program Files\Google\GoogleUpdater
